# JRE version: Java(TM) SE Runtime Environment (7.0_67-b01) (build 1.7.0_67-b01)
# Java VM: Java HotSpot(TM) 64-Bit Server VM (24.65-b04 mixed mode windows-amd64 compressed oops)
Heap
 PSYoungGen      total 219648K, used 202626K [0x00000000f0000000, 0x00000000fff80000, 0x0000000100000000)
  eden space 182272K, 100% used [0x00000000f0000000,0x00000000fb200000,0x00000000fb200000)
  from space 37376K, 54% used [0x00000000fb200000,0x00000000fc5e0b08,0x00000000fd680000)
  to   space 36864K, 73% used [0x00000000fdb80000,0x00000000ff5d5a70,0x00000000fff80000)
 ParOldGen       total 89600K, used 59545K [0x00000000d0000000, 0x00000000d5780000, 0x00000000f0000000)
  object space 89600K, 66% used [0x00000000d0000000,0x00000000d3a267d0,0x00000000d5780000)
 PSPermGen       total 57856K, used 57720K [0x00000000c0000000, 0x00000000c3880000, 0x00000000d0000000)
  object space 57856K, 99% used [0x00000000c0000000,0x00000000c385e3a0,0x00000000c3880000)
GC Heap History (10 events):
Event: 15.953 GC heap after
Heap after GC invocations=38 (full 3):
 PSYoungGen      total 215040K, used 5464K [0x00000000f0000000, 0x00000000fff00000, 0x0000000100000000)
  eden space 174080K, 0% used [0x00000000f0000000,0x00000000f0000000,0x00000000faa00000)
  from space 40960K, 13% used [0x00000000faa00000,0x00000000faf563f8,0x00000000fd200000)
  to   space 40960K, 0% used [0x00000000fd700000,0x00000000fd700000,0x00000000fff00000)
 ParOldGen       total 89600K, used 57045K [0x00000000d0000000, 0x00000000d5780000, 0x00000000f0000000)
  object space 89600K, 63% used [0x00000000d0000000,0x00000000d37b5580,0x00000000d5780000)
 PSPermGen       total 51712K, used 51248K [0x00000000c0000000, 0x00000000c3280000, 0x00000000d0000000)
  object space 51712K, 99% used [0x00000000c0000000,0x00000000c320c110,0x00000000c3280000)
}
Event: 16.590 GC heap before
{Heap before GC invocations=39 (full 3):
 PSYoungGen      total 215040K, used 179544K [0x00000000f0000000, 0x00000000fff00000, 0x0000000100000000)
  eden space 174080K, 100% used [0x00000000f0000000,0x00000000faa00000,0x00000000faa00000)
  from space 40960K, 13% used [0x00000000faa00000,0x00000000faf563f8,0x00000000fd200000)
  to   space 40960K, 0% used [0x00000000fd700000,0x00000000fd700000,0x00000000fff00000)
 ParOldGen       total 89600K, used 57045K [0x00000000d0000000, 0x00000000d5780000, 0x00000000f0000000)
  object space 89600K, 63% used [0x00000000d0000000,0x00000000d37b5580,0x00000000d5780000)
 PSPermGen       total 52736K, used 52486K [0x00000000c0000000, 0x00000000c3380000, 0x00000000d0000000)
  object space 52736K, 99% used [0x00000000c0000000,0x00000000c3341980,0x00000000c3380000)
Event: 16.600 GC heap after
Heap after GC invocations=39 (full 3):
 PSYoungGen      total 220672K, used 4450K [0x00000000f0000000, 0x00000000fff00000, 0x0000000100000000)
  eden space 179712K, 0% used [0x00000000f0000000,0x00000000f0000000,0x00000000faf80000)
  from space 40960K, 10% used [0x00000000fd700000,0x00000000fdb58850,0x00000000fff00000)
  to   space 40448K, 0% used [0x00000000faf80000,0x00000000faf80000,0x00000000fd700000)
 ParOldGen       total 89600K, used 59365K [0x00000000d0000000, 0x00000000d5780000, 0x00000000f0000000)
  object space 89600K, 66% used [0x00000000d0000000,0x00000000d39f97c0,0x00000000d5780000)
 PSPermGen       total 52736K, used 52486K [0x00000000c0000000, 0x00000000c3380000, 0x00000000d0000000)
  object space 52736K, 99% used [0x00000000c0000000,0x00000000c3341980,0x00000000c3380000)
}
Event: 17.602 GC heap before
{Heap before GC invocations=40 (full 3):
 PSYoungGen      total 220672K, used 184162K [0x00000000f0000000, 0x00000000fff00000, 0x0000000100000000)
  eden space 179712K, 100% used [0x00000000f0000000,0x00000000faf80000,0x00000000faf80000)
  from space 40960K, 10% used [0x00000000fd700000,0x00000000fdb58850,0x00000000fff00000)
  to   space 40448K, 0% used [0x00000000faf80000,0x00000000faf80000,0x00000000fd700000)
 ParOldGen       total 89600K, used 59365K [0x00000000d0000000, 0x00000000d5780000, 0x00000000f0000000)
  object space 89600K, 66% used [0x00000000d0000000,0x00000000d39f97c0,0x00000000d5780000)
 PSPermGen       total 53760K, used 53388K [0x00000000c0000000, 0x00000000c3480000, 0x00000000d0000000)
  object space 53760K, 99% used [0x00000000c0000000,0x00000000c34230d8,0x00000000c3480000)
Event: 17.629 GC heap after
Heap after GC invocations=40 (full 3):
 PSYoungGen      total 220160K, used 8888K [0x00000000f0000000, 0x00000000ffd80000, 0x0000000100000000)
  eden space 179712K, 0% used [0x00000000f0000000,0x00000000f0000000,0x00000000faf80000)
  from space 40448K, 21% used [0x00000000faf80000,0x00000000fb82e090,0x00000000fd700000)
  to   space 39424K, 0% used [0x00000000fd700000,0x00000000fd700000,0x00000000ffd80000)
 ParOldGen       total 89600K, used 59529K [0x00000000d0000000, 0x00000000d5780000, 0x00000000f0000000)
  object space 89600K, 66% used [0x00000000d0000000,0x00000000d3a227d0,0x00000000d5780000)
 PSPermGen       total 53760K, used 53388K [0x00000000c0000000, 0x00000000c3480000, 0x00000000d0000000)
  object space 53760K, 99% used [0x00000000c0000000,0x00000000c34230d8,0x00000000c3480000)
}
Event: 18.475 GC heap before
{Heap before GC invocations=41 (full 3):
 PSYoungGen      total 220160K, used 179485K [0x00000000f0000000, 0x00000000ffd80000, 0x0000000100000000)
  eden space 179712K, 94% used [0x00000000f0000000,0x00000000fa699538,0x00000000faf80000)
  from space 40448K, 21% used [0x00000000faf80000,0x00000000fb82e090,0x00000000fd700000)
  to   space 39424K, 0% used [0x00000000fd700000,0x00000000fd700000,0x00000000ffd80000)
 ParOldGen       total 89600K, used 59529K [0x00000000d0000000, 0x00000000d5780000, 0x00000000f0000000)
  object space 89600K, 66% used [0x00000000d0000000,0x00000000d3a227d0,0x00000000d5780000)
 PSPermGen       total 54784K, used 54341K [0x00000000c0000000, 0x00000000c3580000, 0x00000000d0000000)
  object space 54784K, 99% used [0x00000000c0000000,0x00000000c3511610,0x00000000c3580000)
Event: 18.494 GC heap after
Heap after GC invocations=41 (full 3):
 PSYoungGen      total 219136K, used 13934K [0x00000000f0000000, 0x00000000ffb00000, 0x0000000100000000)
  eden space 182272K, 0% used [0x00000000f0000000,0x00000000f0000000,0x00000000fb200000)
  from space 36864K, 37% used [0x00000000fd700000,0x00000000fe49bab0,0x00000000ffb00000)
  to   space 37376K, 0% used [0x00000000fb200000,0x00000000fb200000,0x00000000fd680000)
 ParOldGen       total 89600K, used 59537K [0x00000000d0000000, 0x00000000d5780000, 0x00000000f0000000)
  object space 89600K, 66% used [0x00000000d0000000,0x00000000d3a247d0,0x00000000d5780000)
 PSPermGen       total 54784K, used 54341K [0x00000000c0000000, 0x00000000c3580000, 0x00000000d0000000)
  object space 54784K, 99% used [0x00000000c0000000,0x00000000c3511610,0x00000000c3580000)
}
Event: 19.592 GC heap before
{Heap before GC invocations=42 (full 3):
 PSYoungGen      total 219136K, used 196206K [0x00000000f0000000, 0x00000000ffb00000, 0x0000000100000000)
  eden space 182272K, 100% used [0x00000000f0000000,0x00000000fb200000,0x00000000fb200000)
  from space 36864K, 37% used [0x00000000fd700000,0x00000000fe49bab0,0x00000000ffb00000)
  to   space 37376K, 0% used [0x00000000fb200000,0x00000000fb200000,0x00000000fd680000)
 ParOldGen       total 89600K, used 59537K [0x00000000d0000000, 0x00000000d5780000, 0x00000000f0000000)
  object space 89600K, 66% used [0x00000000d0000000,0x00000000d3a247d0,0x00000000d5780000)
 PSPermGen       total 55808K, used 55797K [0x00000000c0000000, 0x00000000c3680000, 0x00000000d0000000)
  object space 55808K, 99% used [0x00000000c0000000,0x00000000c367d788,0x00000000c3680000)
Event: 19.614 GC heap after
Heap after GC invocations=42 (full 3):
 PSYoungGen      total 219648K, used 20354K [0x00000000f0000000, 0x00000000fff80000, 0x0000000100000000)
  eden space 182272K, 0% used [0x00000000f0000000,0x00000000f0000000,0x00000000fb200000)
  from space 37376K, 54% used [0x00000000fb200000,0x00000000fc5e0b08,0x00000000fd680000)
  to   space 36864K, 0% used [0x00000000fdb80000,0x00000000fdb80000,0x00000000fff80000)
 ParOldGen       total 89600K, used 59545K [0x00000000d0000000, 0x00000000d5780000, 0x00000000f0000000)
  object space 89600K, 66% used [0x00000000d0000000,0x00000000d3a267d0,0x00000000d5780000)
 PSPermGen       total 55808K, used 55797K [0x00000000c0000000, 0x00000000c3680000, 0x00000000d0000000)
  object space 55808K, 99% used [0x00000000c0000000,0x00000000c367d788,0x00000000c3680000)
}
Event: 20.523 GC heap before
{Heap before GC invocations=43 (full 3):
 PSYoungGen      total 219648K, used 202626K [0x00000000f0000000, 0x00000000fff80000, 0x0000000100000000)
  eden space 182272K, 100% used [0x00000000f0000000,0x00000000fb200000,0x00000000fb200000)
  from space 37376K, 54% used [0x00000000fb200000,0x00000000fc5e0b08,0x00000000fd680000)
  to   space 36864K, 0% used [0x00000000fdb80000,0x00000000fdb80000,0x00000000fff80000)
 ParOldGen       total 89600K, used 59545K [0x00000000d0000000, 0x00000000d5780000, 0x00000000f0000000)
  object space 89600K, 66% used [0x00000000d0000000,0x00000000d3a267d0,0x00000000d5780000)
 PSPermGen       total 57856K, used 57720K [0x00000000c0000000, 0x00000000c3880000, 0x00000000d0000000)
  object space 57856K, 99% used [0x00000000c0000000,0x00000000c385e3a0,0x00000000c3880000)

