# JRE version: Java(TM) SE Runtime Environment (7.0_67-b01) (build 1.7.0_67-b01)
# Java VM: Java HotSpot(TM) 64-Bit Server VM (24.65-b04 mixed mode windows-amd64 compressed oops)
Heap
 PSYoungGen      total 215040K, used 4439K [0x00000000f0000000, 0x0000000100000000, 0x0000000100000000)
  eden space 169472K, 0% used [0x00000000f0000000,0x00000000f0000000,0x00000000fa580000)
  from space 45568K, 9% used [0x00000000fd200000,0x00000000fd655df8,0x00000000ffe80000)
  to   space 45568K, 0% used [0x00000000fa580000,0x00000000fa580000,0x00000000fd200000)
 ParOldGen       total 65024K, used 56459K [0x00000000d0000000, 0x00000000d3f80000, 0x00000000f0000000)
  object space 65024K, 86% used [0x00000000d0000000,0x00000000d3722e18,0x00000000d3f80000)
 PSPermGen       total 52224K, used 51856K [0x00000000c0000000, 0x00000000c3300000, 0x00000000d0000000)
  object space 52224K, 99% used [0x00000000c0000000,0x00000000c32a40c0,0x00000000c3300000)
GC Heap History (10 events):
Event: 15.842 GC heap after
Heap after GC invocations=32 (full 2):
 PSYoungGen      total 212480K, used 29607K [0x00000000f0000000, 0x0000000100000000, 0x0000000100000000)
  eden space 163840K, 0% used [0x00000000f0000000,0x00000000f0000000,0x00000000fa000000)
  from space 48640K, 60% used [0x00000000fd080000,0x00000000fed69e28,0x0000000100000000)
  to   space 49152K, 0% used [0x00000000fa000000,0x00000000fa000000,0x00000000fd000000)
 ParOldGen       total 65024K, used 28980K [0x00000000d0000000, 0x00000000d3f80000, 0x00000000f0000000)
  object space 65024K, 44% used [0x00000000d0000000,0x00000000d1c4d3a8,0x00000000d3f80000)
 PSPermGen       total 47104K, used 47102K [0x00000000c0000000, 0x00000000c2e00000, 0x00000000d0000000)
  object space 47104K, 99% used [0x00000000c0000000,0x00000000c2dff8b0,0x00000000c2e00000)
}
Event: 16.030 GC heap before
{Heap before GC invocations=33 (full 2):
 PSYoungGen      total 212480K, used 189164K [0x00000000f0000000, 0x0000000100000000, 0x0000000100000000)
  eden space 163840K, 97% used [0x00000000f0000000,0x00000000f9bd13c8,0x00000000fa000000)
  from space 48640K, 60% used [0x00000000fd080000,0x00000000fed69e28,0x0000000100000000)
  to   space 49152K, 0% used [0x00000000fa000000,0x00000000fa000000,0x00000000fd000000)
 ParOldGen       total 65024K, used 28980K [0x00000000d0000000, 0x00000000d3f80000, 0x00000000f0000000)
  object space 65024K, 44% used [0x00000000d0000000,0x00000000d1c4d3a8,0x00000000d3f80000)
 PSPermGen       total 48640K, used 48398K [0x00000000c0000000, 0x00000000c2f80000, 0x00000000d0000000)
  object space 48640K, 99% used [0x00000000c0000000,0x00000000c2f43a38,0x00000000c2f80000)
Event: 16.064 GC heap after
Heap after GC invocations=33 (full 2):
 PSYoungGen      total 186880K, used 23027K [0x00000000f0000000, 0x00000000ffc80000, 0x0000000100000000)
  eden space 163840K, 0% used [0x00000000f0000000,0x00000000f0000000,0x00000000fa000000)
  from space 23040K, 99% used [0x00000000fa000000,0x00000000fb67cea8,0x00000000fb680000)
  to   space 47104K, 0% used [0x00000000fce80000,0x00000000fce80000,0x00000000ffc80000)
 ParOldGen       total 65024K, used 35972K [0x00000000d0000000, 0x00000000d3f80000, 0x00000000f0000000)
  object space 65024K, 55% used [0x00000000d0000000,0x00000000d23211d0,0x00000000d3f80000)
 PSPermGen       total 48640K, used 48398K [0x00000000c0000000, 0x00000000c2f80000, 0x00000000d0000000)
  object space 48640K, 99% used [0x00000000c0000000,0x00000000c2f43a38,0x00000000c2f80000)
}
Event: 16.213 GC heap before
{Heap before GC invocations=34 (full 2):
 PSYoungGen      total 186880K, used 182357K [0x00000000f0000000, 0x00000000ffc80000, 0x0000000100000000)
  eden space 163840K, 97% used [0x00000000f0000000,0x00000000f9b988d8,0x00000000fa000000)
  from space 23040K, 99% used [0x00000000fa000000,0x00000000fb67cea8,0x00000000fb680000)
  to   space 47104K, 0% used [0x00000000fce80000,0x00000000fce80000,0x00000000ffc80000)
 ParOldGen       total 65024K, used 35972K [0x00000000d0000000, 0x00000000d3f80000, 0x00000000f0000000)
  object space 65024K, 55% used [0x00000000d0000000,0x00000000d23211d0,0x00000000d3f80000)
 PSPermGen       total 49152K, used 49129K [0x00000000c0000000, 0x00000000c3000000, 0x00000000d0000000)
  object space 49152K, 99% used [0x00000000c0000000,0x00000000c2ffa628,0x00000000c3000000)
Event: 16.239 GC heap after
Heap after GC invocations=34 (full 2):
 PSYoungGen      total 212992K, used 16613K [0x00000000f0000000, 0x0000000100000000, 0x0000000100000000)
  eden space 165888K, 0% used [0x00000000f0000000,0x00000000f0000000,0x00000000fa200000)
  from space 47104K, 35% used [0x00000000fce80000,0x00000000fdeb9630,0x00000000ffc80000)
  to   space 45568K, 0% used [0x00000000fa200000,0x00000000fa200000,0x00000000fce80000)
 ParOldGen       total 65024K, used 42334K [0x00000000d0000000, 0x00000000d3f80000, 0x00000000f0000000)
  object space 65024K, 65% used [0x00000000d0000000,0x00000000d2957ad0,0x00000000d3f80000)
 PSPermGen       total 49152K, used 49129K [0x00000000c0000000, 0x00000000c3000000, 0x00000000d0000000)
  object space 49152K, 99% used [0x00000000c0000000,0x00000000c2ffa628,0x00000000c3000000)
}
Event: 16.416 GC heap before
{Heap before GC invocations=35 (full 2):
 PSYoungGen      total 212992K, used 179714K [0x00000000f0000000, 0x0000000100000000, 0x0000000100000000)
  eden space 165888K, 98% used [0x00000000f0000000,0x00000000f9f47248,0x00000000fa200000)
  from space 47104K, 35% used [0x00000000fce80000,0x00000000fdeb9630,0x00000000ffc80000)
  to   space 45568K, 0% used [0x00000000fa200000,0x00000000fa200000,0x00000000fce80000)
 ParOldGen       total 65024K, used 42334K [0x00000000d0000000, 0x00000000d3f80000, 0x00000000f0000000)
  object space 65024K, 65% used [0x00000000d0000000,0x00000000d2957ad0,0x00000000d3f80000)
 PSPermGen       total 50176K, used 49998K [0x00000000c0000000, 0x00000000c3100000, 0x00000000d0000000)
  object space 50176K, 99% used [0x00000000c0000000,0x00000000c30d3b88,0x00000000c3100000)
Event: 16.436 GC heap after
Heap after GC invocations=35 (full 2):
 PSYoungGen      total 211456K, used 7174K [0x00000000f0000000, 0x00000000ffe80000, 0x0000000100000000)
  eden space 165888K, 0% used [0x00000000f0000000,0x00000000f0000000,0x00000000fa200000)
  from space 45568K, 15% used [0x00000000fa200000,0x00000000fa9018c8,0x00000000fce80000)
  to   space 45568K, 0% used [0x00000000fd200000,0x00000000fd200000,0x00000000ffe80000)
 ParOldGen       total 65024K, used 52120K [0x00000000d0000000, 0x00000000d3f80000, 0x00000000f0000000)
  object space 65024K, 80% used [0x00000000d0000000,0x00000000d32e6340,0x00000000d3f80000)
 PSPermGen       total 50176K, used 49998K [0x00000000c0000000, 0x00000000c3100000, 0x00000000d0000000)
  object space 50176K, 99% used [0x00000000c0000000,0x00000000c30d3b88,0x00000000c3100000)
}
Event: 16.883 GC heap before
{Heap before GC invocations=36 (full 2):
 PSYoungGen      total 211456K, used 173062K [0x00000000f0000000, 0x00000000ffe80000, 0x0000000100000000)
  eden space 165888K, 100% used [0x00000000f0000000,0x00000000fa200000,0x00000000fa200000)
  from space 45568K, 15% used [0x00000000fa200000,0x00000000fa9018c8,0x00000000fce80000)
  to   space 45568K, 0% used [0x00000000fd200000,0x00000000fd200000,0x00000000ffe80000)
 ParOldGen       total 65024K, used 52120K [0x00000000d0000000, 0x00000000d3f80000, 0x00000000f0000000)
  object space 65024K, 80% used [0x00000000d0000000,0x00000000d32e6340,0x00000000d3f80000)
 PSPermGen       total 52224K, used 51856K [0x00000000c0000000, 0x00000000c3300000, 0x00000000d0000000)
  object space 52224K, 99% used [0x00000000c0000000,0x00000000c32a40c0,0x00000000c3300000)
Event: 16.895 GC heap after
Heap after GC invocations=36 (full 2):
 PSYoungGen      total 215040K, used 4439K [0x00000000f0000000, 0x0000000100000000, 0x0000000100000000)
  eden space 169472K, 0% used [0x00000000f0000000,0x00000000f0000000,0x00000000fa580000)
  from space 45568K, 9% used [0x00000000fd200000,0x00000000fd655df8,0x00000000ffe80000)
  to   space 45568K, 0% used [0x00000000fa580000,0x00000000fa580000,0x00000000fd200000)
 ParOldGen       total 65024K, used 56459K [0x00000000d0000000, 0x00000000d3f80000, 0x00000000f0000000)
  object space 65024K, 86% used [0x00000000d0000000,0x00000000d3722e18,0x00000000d3f80000)
 PSPermGen       total 52224K, used 51856K [0x00000000c0000000, 0x00000000c3300000, 0x00000000d0000000)
  object space 52224K, 99% used [0x00000000c0000000,0x00000000c32a40c0,0x00000000c3300000)
}
Event: 16.895 GC heap before
{Heap before GC invocations=37 (full 3):
 PSYoungGen      total 215040K, used 4439K [0x00000000f0000000, 0x0000000100000000, 0x0000000100000000)
  eden space 169472K, 0% used [0x00000000f0000000,0x00000000f0000000,0x00000000fa580000)
  from space 45568K, 9% used [0x00000000fd200000,0x00000000fd655df8,0x00000000ffe80000)
  to   space 45568K, 0% used [0x00000000fa580000,0x00000000fa580000,0x00000000fd200000)
 ParOldGen       total 65024K, used 56459K [0x00000000d0000000, 0x00000000d3f80000, 0x00000000f0000000)
  object space 65024K, 86% used [0x00000000d0000000,0x00000000d3722e18,0x00000000d3f80000)
 PSPermGen       total 52224K, used 51856K [0x00000000c0000000, 0x00000000c3300000, 0x00000000d0000000)
  object space 52224K, 99% used [0x00000000c0000000,0x00000000c32a40c0,0x00000000c3300000)

